<?xml version="1.0" encoding="UTF-8"?><testsuite name="nosetests" tests="16" errors="0" failures="11" skip="0"><testcase classname="test_ports.test_ports_opr" name="test_create_invalid_port_label_using_above_max_limit" time="0.735"><system-out><![CDATA[

       +-----------------------------------------------------------+       
       |    test_create_invalid_port_label_using_above_max_limit   |
       +-----------------------------------------------------------+       





]]></system-out></testcase><testcase classname="test_ports.test_ports_opr" name="test_create_invalid_port_label_using_special_char" time="0.431"><system-out><![CDATA[

       +--------------------------------------------------------+       
       |    test_create_invalid_port_label_using_special_char   |
       +--------------------------------------------------------+       





]]></system-out></testcase><testcase classname="test_ports.test_ports_opr" name="test_create_port_label_and_validate_with_get" time="0.480"><failure type="exceptions.AssertionError" message="'PASS' != 'FAIL'&#10;-------------------- &gt;&gt; begin captured logging &lt;&lt; --------------------&#10;polatis: INFO: -----[ pass xml for edit-config operation ]-----&#10;&#10;&#10;polatis: INFO: xmlstr : &#10;&#10;&lt;?xml version=&quot;1.0&quot; ?&gt;&#10;&lt;config&gt;&#10; &lt;ports xmlns=&quot;http://www.polatis.com/yang/optical-switch&quot;&gt;&#10;  &lt;port xmlns:ns=&quot;urn:ietf:params:xml:ns:netconf:base:1.0&quot;&gt;&#10;   &lt;port-id&gt;1&lt;/port-id&gt;&#10;   &lt;port-label&gt;port1&lt;/port-label&gt;&#10;  &lt;/port&gt;&#10;  &lt;port xmlns:ns=&quot;urn:ietf:params:xml:ns:netconf:base:1.0&quot;&gt;&#10;   &lt;port-id&gt;384&lt;/port-id&gt;&#10;   &lt;port-label&gt;port2&lt;/port-label&gt;&#10;  &lt;/port&gt;&#10;  &lt;port xmlns:ns=&quot;urn:ietf:params:xml:ns:netconf:base:1.0&quot;&gt;&#10;   &lt;port-id&gt;767&lt;/port-id&gt;&#10;   &lt;port-label&gt;port3&lt;/port-label&gt;&#10;  &lt;/port&gt;&#10; &lt;/ports&gt;&#10;&lt;/config&gt;&#10;&#10;&#10;polatis: ERROR: -----[ Error from the Switch ]-----&#10;&#10;{'info': None, 'severity': 'error', 'tag': 'access-denied', 'path': None, 'message': None, 'type': 'protocol'}&#10;&#10;&#10;polatis: INFO: getting error from switch : FAIL&#10;&#10;&#10;--------------------- &gt;&gt; end captured logging &lt;&lt; ---------------------"><![CDATA[  File "/usr/lib/python2.7/unittest/case.py", line 331, in run
    testMethod()
  File "/usr/lib/python2.7/dist-packages/nose/case.py", line 197, in runTest
    self.test(*self.arg)
  File "/home/polatis/netconf/user/test_ports.py", line 72, in test_create_port_label_and_validate_with_get
    port_labels=portsDict['port_label'], operation = 'get', opr = 'create')
  File "/home/polatis/netconf/user/lib/ports.py", line 373, in editconfig_create_port_label
    nose.tools.assert_equals('PASS', result)
  File "/usr/lib/python2.7/unittest/case.py", line 515, in assertEqual
    assertion_func(first, second, msg=msg)
  File "/usr/lib/python2.7/unittest/case.py", line 508, in _baseAssertEqual
    raise self.failureException(msg)
'\'PASS\' != \'FAIL\'\n-------------------- >> begin captured logging << --------------------\npolatis: INFO: -----[ pass xml for edit-config operation ]-----\n\n\npolatis: INFO: xmlstr : \n\n<?xml version="1.0" ?>\n<config>\n <ports xmlns="http://www.polatis.com/yang/optical-switch">\n  <port xmlns:ns="urn:ietf:params:xml:ns:netconf:base:1.0">\n   <port-id>1</port-id>\n   <port-label>port1</port-label>\n  </port>\n  <port xmlns:ns="urn:ietf:params:xml:ns:netconf:base:1.0">\n   <port-id>384</port-id>\n   <port-label>port2</port-label>\n  </port>\n  <port xmlns:ns="urn:ietf:params:xml:ns:netconf:base:1.0">\n   <port-id>767</port-id>\n   <port-label>port3</port-label>\n  </port>\n </ports>\n</config>\n\n\npolatis: ERROR: -----[ Error from the Switch ]-----\n\n{\'info\': None, \'severity\': \'error\', \'tag\': \'access-denied\', \'path\': None, \'message\': None, \'type\': \'protocol\'}\n\n\npolatis: INFO: getting error from switch : FAIL\n\n\n--------------------- >> end captured logging << ---------------------']]></failure><system-out><![CDATA[

       +---------------------------------------------------+       
       |    test_create_port_lable_and_validate_with_get   |
       +---------------------------------------------------+       





]]></system-out></testcase><testcase classname="test_ports.test_ports_opr" name="test_create_port_label_and_validate_with_getconfig" time="0.430"><failure type="exceptions.AssertionError" message="'PASS' != 'FAIL'&#10;-------------------- &gt;&gt; begin captured logging &lt;&lt; --------------------&#10;polatis: INFO: -----[ pass xml for edit-config operation ]-----&#10;&#10;&#10;polatis: INFO: xmlstr : &#10;&#10;&lt;?xml version=&quot;1.0&quot; ?&gt;&#10;&lt;config&gt;&#10; &lt;ports xmlns=&quot;http://www.polatis.com/yang/optical-switch&quot;&gt;&#10;  &lt;port xmlns:ns=&quot;urn:ietf:params:xml:ns:netconf:base:1.0&quot;&gt;&#10;   &lt;port-id&gt;1&lt;/port-id&gt;&#10;   &lt;port-label&gt;port1&lt;/port-label&gt;&#10;  &lt;/port&gt;&#10;  &lt;port xmlns:ns=&quot;urn:ietf:params:xml:ns:netconf:base:1.0&quot;&gt;&#10;   &lt;port-id&gt;384&lt;/port-id&gt;&#10;   &lt;port-label&gt;port2&lt;/port-label&gt;&#10;  &lt;/port&gt;&#10;  &lt;port xmlns:ns=&quot;urn:ietf:params:xml:ns:netconf:base:1.0&quot;&gt;&#10;   &lt;port-id&gt;767&lt;/port-id&gt;&#10;   &lt;port-label&gt;port3&lt;/port-label&gt;&#10;  &lt;/port&gt;&#10; &lt;/ports&gt;&#10;&lt;/config&gt;&#10;&#10;&#10;polatis: ERROR: -----[ Error from the Switch ]-----&#10;&#10;{'info': None, 'severity': 'error', 'tag': 'access-denied', 'path': None, 'message': None, 'type': 'protocol'}&#10;&#10;&#10;polatis: INFO: getting error from switch : FAIL&#10;&#10;&#10;--------------------- &gt;&gt; end captured logging &lt;&lt; ---------------------"><![CDATA[  File "/usr/lib/python2.7/unittest/case.py", line 331, in run
    testMethod()
  File "/usr/lib/python2.7/dist-packages/nose/case.py", line 197, in runTest
    self.test(*self.arg)
  File "/home/polatis/netconf/user/test_ports.py", line 80, in test_create_port_label_and_validate_with_getconfig
    port_labels=portsDict['port_label'], operation = 'get-config', opr = 'create')
  File "/home/polatis/netconf/user/lib/ports.py", line 373, in editconfig_create_port_label
    nose.tools.assert_equals('PASS', result)
  File "/usr/lib/python2.7/unittest/case.py", line 515, in assertEqual
    assertion_func(first, second, msg=msg)
  File "/usr/lib/python2.7/unittest/case.py", line 508, in _baseAssertEqual
    raise self.failureException(msg)
'\'PASS\' != \'FAIL\'\n-------------------- >> begin captured logging << --------------------\npolatis: INFO: -----[ pass xml for edit-config operation ]-----\n\n\npolatis: INFO: xmlstr : \n\n<?xml version="1.0" ?>\n<config>\n <ports xmlns="http://www.polatis.com/yang/optical-switch">\n  <port xmlns:ns="urn:ietf:params:xml:ns:netconf:base:1.0">\n   <port-id>1</port-id>\n   <port-label>port1</port-label>\n  </port>\n  <port xmlns:ns="urn:ietf:params:xml:ns:netconf:base:1.0">\n   <port-id>384</port-id>\n   <port-label>port2</port-label>\n  </port>\n  <port xmlns:ns="urn:ietf:params:xml:ns:netconf:base:1.0">\n   <port-id>767</port-id>\n   <port-label>port3</port-label>\n  </port>\n </ports>\n</config>\n\n\npolatis: ERROR: -----[ Error from the Switch ]-----\n\n{\'info\': None, \'severity\': \'error\', \'tag\': \'access-denied\', \'path\': None, \'message\': None, \'type\': \'protocol\'}\n\n\npolatis: INFO: getting error from switch : FAIL\n\n\n--------------------- >> end captured logging << ---------------------']]></failure><system-out><![CDATA[

       +---------------------------------------------------------+       
       |    test_create_port_label_and_validate_with_getconfig   |
       +---------------------------------------------------------+       





]]></system-out></testcase><testcase classname="test_ports.test_ports_opr" name="test_delete_port_label_and_validate_with_get" time="0.479"><failure type="exceptions.AssertionError" message="'PASS' != 'FAIL'&#10;-------------------- &gt;&gt; begin captured logging &lt;&lt; --------------------&#10;polatis: INFO: -----[ pass xml for edit-config operation ]-----&#10;&#10;&#10;polatis: INFO: xmlstr : &#10;&#10;&lt;?xml version=&quot;1.0&quot; ?&gt;&#10;&lt;config&gt;&#10; &lt;ports xmlns=&quot;http://www.polatis.com/yang/optical-switch&quot;&gt;&#10;  &lt;port xmlns:ns=&quot;urn:ietf:params:xml:ns:netconf:base:1.0&quot;&gt;&#10;   &lt;port-id&gt;1&lt;/port-id&gt;&#10;   &lt;port-label ns:operation=&quot;delete&quot;/&gt;&#10;  &lt;/port&gt;&#10;  &lt;port xmlns:ns=&quot;urn:ietf:params:xml:ns:netconf:base:1.0&quot;&gt;&#10;   &lt;port-id&gt;384&lt;/port-id&gt;&#10;   &lt;port-label ns:operation=&quot;delete&quot;/&gt;&#10;  &lt;/port&gt;&#10;  &lt;port xmlns:ns=&quot;urn:ietf:params:xml:ns:netconf:base:1.0&quot;&gt;&#10;   &lt;port-id&gt;767&lt;/port-id&gt;&#10;   &lt;port-label ns:operation=&quot;delete&quot;/&gt;&#10;  &lt;/port&gt;&#10; &lt;/ports&gt;&#10;&lt;/config&gt;&#10;&#10;&#10;polatis: ERROR: -----[ Error from the Switch ]-----&#10;&#10;{'info': None, 'severity': 'error', 'tag': 'access-denied', 'path': None, 'message': None, 'type': 'protocol'}&#10;&#10;&#10;polatis: INFO: getting error from switch : FAIL&#10;&#10;&#10;--------------------- &gt;&gt; end captured logging &lt;&lt; ---------------------"><![CDATA[  File "/usr/lib/python2.7/unittest/case.py", line 331, in run
    testMethod()
  File "/usr/lib/python2.7/dist-packages/nose/case.py", line 197, in runTest
    self.test(*self.arg)
  File "/home/polatis/netconf/user/test_ports.py", line 88, in test_delete_port_label_and_validate_with_get
    port_labels=',,', operation = 'get', opr = 'delete')
  File "/home/polatis/netconf/user/lib/ports.py", line 373, in editconfig_create_port_label
    nose.tools.assert_equals('PASS', result)
  File "/usr/lib/python2.7/unittest/case.py", line 515, in assertEqual
    assertion_func(first, second, msg=msg)
  File "/usr/lib/python2.7/unittest/case.py", line 508, in _baseAssertEqual
    raise self.failureException(msg)
'\'PASS\' != \'FAIL\'\n-------------------- >> begin captured logging << --------------------\npolatis: INFO: -----[ pass xml for edit-config operation ]-----\n\n\npolatis: INFO: xmlstr : \n\n<?xml version="1.0" ?>\n<config>\n <ports xmlns="http://www.polatis.com/yang/optical-switch">\n  <port xmlns:ns="urn:ietf:params:xml:ns:netconf:base:1.0">\n   <port-id>1</port-id>\n   <port-label ns:operation="delete"/>\n  </port>\n  <port xmlns:ns="urn:ietf:params:xml:ns:netconf:base:1.0">\n   <port-id>384</port-id>\n   <port-label ns:operation="delete"/>\n  </port>\n  <port xmlns:ns="urn:ietf:params:xml:ns:netconf:base:1.0">\n   <port-id>767</port-id>\n   <port-label ns:operation="delete"/>\n  </port>\n </ports>\n</config>\n\n\npolatis: ERROR: -----[ Error from the Switch ]-----\n\n{\'info\': None, \'severity\': \'error\', \'tag\': \'access-denied\', \'path\': None, \'message\': None, \'type\': \'protocol\'}\n\n\npolatis: INFO: getting error from switch : FAIL\n\n\n--------------------- >> end captured logging << ---------------------']]></failure><system-out><![CDATA[

       +---------------------------------------------------------+       
       |    test_delete_port_lable_label_and_validate_with_get   |
       +---------------------------------------------------------+       





]]></system-out></testcase><testcase classname="test_ports.test_ports_opr" name="test_delete_port_label_and_validate_with_getconfig" time="0.420"><failure type="exceptions.AssertionError" message="'PASS' != 'FAIL'&#10;-------------------- &gt;&gt; begin captured logging &lt;&lt; --------------------&#10;polatis: INFO: -----[ pass xml for edit-config operation ]-----&#10;&#10;&#10;polatis: INFO: xmlstr : &#10;&#10;&lt;?xml version=&quot;1.0&quot; ?&gt;&#10;&lt;config&gt;&#10; &lt;ports xmlns=&quot;http://www.polatis.com/yang/optical-switch&quot;&gt;&#10;  &lt;port xmlns:ns=&quot;urn:ietf:params:xml:ns:netconf:base:1.0&quot;&gt;&#10;   &lt;port-id&gt;1&lt;/port-id&gt;&#10;   &lt;port-label ns:operation=&quot;delete&quot;/&gt;&#10;  &lt;/port&gt;&#10;  &lt;port xmlns:ns=&quot;urn:ietf:params:xml:ns:netconf:base:1.0&quot;&gt;&#10;   &lt;port-id&gt;384&lt;/port-id&gt;&#10;   &lt;port-label ns:operation=&quot;delete&quot;/&gt;&#10;  &lt;/port&gt;&#10;  &lt;port xmlns:ns=&quot;urn:ietf:params:xml:ns:netconf:base:1.0&quot;&gt;&#10;   &lt;port-id&gt;767&lt;/port-id&gt;&#10;   &lt;port-label ns:operation=&quot;delete&quot;/&gt;&#10;  &lt;/port&gt;&#10; &lt;/ports&gt;&#10;&lt;/config&gt;&#10;&#10;&#10;polatis: ERROR: -----[ Error from the Switch ]-----&#10;&#10;{'info': None, 'severity': 'error', 'tag': 'access-denied', 'path': None, 'message': None, 'type': 'protocol'}&#10;&#10;&#10;polatis: INFO: getting error from switch : FAIL&#10;&#10;&#10;--------------------- &gt;&gt; end captured logging &lt;&lt; ---------------------"><![CDATA[  File "/usr/lib/python2.7/unittest/case.py", line 331, in run
    testMethod()
  File "/usr/lib/python2.7/dist-packages/nose/case.py", line 197, in runTest
    self.test(*self.arg)
  File "/home/polatis/netconf/user/test_ports.py", line 95, in test_delete_port_label_and_validate_with_getconfig
    port_labels=',,', operation = 'get-config', opr = 'delete')
  File "/home/polatis/netconf/user/lib/ports.py", line 373, in editconfig_create_port_label
    nose.tools.assert_equals('PASS', result)
  File "/usr/lib/python2.7/unittest/case.py", line 515, in assertEqual
    assertion_func(first, second, msg=msg)
  File "/usr/lib/python2.7/unittest/case.py", line 508, in _baseAssertEqual
    raise self.failureException(msg)
'\'PASS\' != \'FAIL\'\n-------------------- >> begin captured logging << --------------------\npolatis: INFO: -----[ pass xml for edit-config operation ]-----\n\n\npolatis: INFO: xmlstr : \n\n<?xml version="1.0" ?>\n<config>\n <ports xmlns="http://www.polatis.com/yang/optical-switch">\n  <port xmlns:ns="urn:ietf:params:xml:ns:netconf:base:1.0">\n   <port-id>1</port-id>\n   <port-label ns:operation="delete"/>\n  </port>\n  <port xmlns:ns="urn:ietf:params:xml:ns:netconf:base:1.0">\n   <port-id>384</port-id>\n   <port-label ns:operation="delete"/>\n  </port>\n  <port xmlns:ns="urn:ietf:params:xml:ns:netconf:base:1.0">\n   <port-id>767</port-id>\n   <port-label ns:operation="delete"/>\n  </port>\n </ports>\n</config>\n\n\npolatis: ERROR: -----[ Error from the Switch ]-----\n\n{\'info\': None, \'severity\': \'error\', \'tag\': \'access-denied\', \'path\': None, \'message\': None, \'type\': \'protocol\'}\n\n\npolatis: INFO: getting error from switch : FAIL\n\n\n--------------------- >> end captured logging << ---------------------']]></failure><system-out><![CDATA[

       +---------------------------------------------------------+       
       |    test_delete_port_label_and_validate_with_getconfig   |
       +---------------------------------------------------------+       





]]></system-out></testcase><testcase classname="test_ports.test_ports_opr" name="test_disable_port_state_and_validate_with_get" time="0.472"><failure type="exceptions.AssertionError" message="'PASS' != 'FAIL'&#10;-------------------- &gt;&gt; begin captured logging &lt;&lt; --------------------&#10;polatis: INFO: -----[ pass xml for edit-config operation ]-----&#10;&#10;&#10;polatis: INFO: xmlstr : &#10;&#10;&lt;?xml version=&quot;1.0&quot; ?&gt;&#10;&lt;config&gt;&#10; &lt;ports xmlns=&quot;http://www.polatis.com/yang/optical-switch&quot;&gt;&#10;  &lt;port xmlns:ns=&quot;urn:ietf:params:xml:ns:netconf:base:1.0&quot;&gt;&#10;   &lt;port-id&gt;1&lt;/port-id&gt;&#10;   &lt;port-state&gt;PC_DISABLED&lt;/port-state&gt;&#10;  &lt;/port&gt;&#10;  &lt;port xmlns:ns=&quot;urn:ietf:params:xml:ns:netconf:base:1.0&quot;&gt;&#10;   &lt;port-id&gt;384&lt;/port-id&gt;&#10;   &lt;port-state&gt;PC_DISABLED&lt;/port-state&gt;&#10;  &lt;/port&gt;&#10;  &lt;port xmlns:ns=&quot;urn:ietf:params:xml:ns:netconf:base:1.0&quot;&gt;&#10;   &lt;port-id&gt;767&lt;/port-id&gt;&#10;   &lt;port-state&gt;PC_DISABLED&lt;/port-state&gt;&#10;  &lt;/port&gt;&#10; &lt;/ports&gt;&#10;&lt;/config&gt;&#10;&#10;&#10;polatis: ERROR: -----[ Error from the Switch ]-----&#10;&#10;{'info': None, 'severity': 'error', 'tag': 'access-denied', 'path': None, 'message': None, 'type': 'protocol'}&#10;&#10;&#10;polatis: INFO: getting error from switch : FAIL&#10;&#10;&#10;--------------------- &gt;&gt; end captured logging &lt;&lt; ---------------------"><![CDATA[  File "/usr/lib/python2.7/unittest/case.py", line 331, in run
    testMethod()
  File "/usr/lib/python2.7/dist-packages/nose/case.py", line 197, in runTest
    self.test(*self.arg)
  File "/home/polatis/netconf/user/test_ports.py", line 162, in test_disable_port_state_and_validate_with_get
    port_states=portsDict['disable_port_state'], operation = 'get', opr = 'create')
  File "/home/polatis/netconf/user/lib/ports.py", line 2093, in get_port_state
    nose.tools.assert_equals('PASS', result)
  File "/usr/lib/python2.7/unittest/case.py", line 515, in assertEqual
    assertion_func(first, second, msg=msg)
  File "/usr/lib/python2.7/unittest/case.py", line 508, in _baseAssertEqual
    raise self.failureException(msg)
'\'PASS\' != \'FAIL\'\n-------------------- >> begin captured logging << --------------------\npolatis: INFO: -----[ pass xml for edit-config operation ]-----\n\n\npolatis: INFO: xmlstr : \n\n<?xml version="1.0" ?>\n<config>\n <ports xmlns="http://www.polatis.com/yang/optical-switch">\n  <port xmlns:ns="urn:ietf:params:xml:ns:netconf:base:1.0">\n   <port-id>1</port-id>\n   <port-state>PC_DISABLED</port-state>\n  </port>\n  <port xmlns:ns="urn:ietf:params:xml:ns:netconf:base:1.0">\n   <port-id>384</port-id>\n   <port-state>PC_DISABLED</port-state>\n  </port>\n  <port xmlns:ns="urn:ietf:params:xml:ns:netconf:base:1.0">\n   <port-id>767</port-id>\n   <port-state>PC_DISABLED</port-state>\n  </port>\n </ports>\n</config>\n\n\npolatis: ERROR: -----[ Error from the Switch ]-----\n\n{\'info\': None, \'severity\': \'error\', \'tag\': \'access-denied\', \'path\': None, \'message\': None, \'type\': \'protocol\'}\n\n\npolatis: INFO: getting error from switch : FAIL\n\n\n--------------------- >> end captured logging << ---------------------']]></failure><system-out><![CDATA[

       +----------------------------------------------------+       
       |    test_disable_port_state_and_validate_with_get   |
       +----------------------------------------------------+       





]]></system-out></testcase><testcase classname="test_ports.test_ports_opr" name="test_disable_port_state_and_validate_with_get_port_status" time="0.470"><failure type="exceptions.AssertionError" message="'PASS' != 'FAIL'&#10;-------------------- &gt;&gt; begin captured logging &lt;&lt; --------------------&#10;polatis: INFO: -----[ pass xml for edit-config operation ]-----&#10;&#10;&#10;polatis: INFO: xmlstr : &#10;&#10;&lt;?xml version=&quot;1.0&quot; ?&gt;&#10;&lt;config&gt;&#10; &lt;ports xmlns=&quot;http://www.polatis.com/yang/optical-switch&quot;&gt;&#10;  &lt;port xmlns:ns=&quot;urn:ietf:params:xml:ns:netconf:base:1.0&quot;&gt;&#10;   &lt;port-id&gt;1&lt;/port-id&gt;&#10;   &lt;port-state&gt;PC_DISABLED&lt;/port-state&gt;&#10;  &lt;/port&gt;&#10;  &lt;port xmlns:ns=&quot;urn:ietf:params:xml:ns:netconf:base:1.0&quot;&gt;&#10;   &lt;port-id&gt;384&lt;/port-id&gt;&#10;   &lt;port-state&gt;PC_DISABLED&lt;/port-state&gt;&#10;  &lt;/port&gt;&#10;  &lt;port xmlns:ns=&quot;urn:ietf:params:xml:ns:netconf:base:1.0&quot;&gt;&#10;   &lt;port-id&gt;767&lt;/port-id&gt;&#10;   &lt;port-state&gt;PC_DISABLED&lt;/port-state&gt;&#10;  &lt;/port&gt;&#10; &lt;/ports&gt;&#10;&lt;/config&gt;&#10;&#10;&#10;polatis: ERROR: -----[ Error from the Switch ]-----&#10;&#10;{'info': None, 'severity': 'error', 'tag': 'access-denied', 'path': None, 'message': None, 'type': 'protocol'}&#10;&#10;&#10;polatis: INFO: getting error from switch : FAIL&#10;&#10;&#10;--------------------- &gt;&gt; end captured logging &lt;&lt; ---------------------"><![CDATA[  File "/usr/lib/python2.7/unittest/case.py", line 331, in run
    testMethod()
  File "/usr/lib/python2.7/dist-packages/nose/case.py", line 197, in runTest
    self.test(*self.arg)
  File "/home/polatis/netconf/user/test_ports.py", line 183, in test_disable_port_state_and_validate_with_get_port_status
    port_states=portsDict['disable_port_state'], port_status=portsDict['disable_port_status'], operation = 'get', opr = 'create')
  File "/home/polatis/netconf/user/lib/ports.py", line 2093, in get_port_state
    nose.tools.assert_equals('PASS', result)
  File "/usr/lib/python2.7/unittest/case.py", line 515, in assertEqual
    assertion_func(first, second, msg=msg)
  File "/usr/lib/python2.7/unittest/case.py", line 508, in _baseAssertEqual
    raise self.failureException(msg)
'\'PASS\' != \'FAIL\'\n-------------------- >> begin captured logging << --------------------\npolatis: INFO: -----[ pass xml for edit-config operation ]-----\n\n\npolatis: INFO: xmlstr : \n\n<?xml version="1.0" ?>\n<config>\n <ports xmlns="http://www.polatis.com/yang/optical-switch">\n  <port xmlns:ns="urn:ietf:params:xml:ns:netconf:base:1.0">\n   <port-id>1</port-id>\n   <port-state>PC_DISABLED</port-state>\n  </port>\n  <port xmlns:ns="urn:ietf:params:xml:ns:netconf:base:1.0">\n   <port-id>384</port-id>\n   <port-state>PC_DISABLED</port-state>\n  </port>\n  <port xmlns:ns="urn:ietf:params:xml:ns:netconf:base:1.0">\n   <port-id>767</port-id>\n   <port-state>PC_DISABLED</port-state>\n  </port>\n </ports>\n</config>\n\n\npolatis: ERROR: -----[ Error from the Switch ]-----\n\n{\'info\': None, \'severity\': \'error\', \'tag\': \'access-denied\', \'path\': None, \'message\': None, \'type\': \'protocol\'}\n\n\npolatis: INFO: getting error from switch : FAIL\n\n\n--------------------- >> end captured logging << ---------------------']]></failure><system-out><![CDATA[

       +------------------------------------------------------------+       
       |    test_disable_port_state_and_validate_with_port_status   |
       +------------------------------------------------------------+       





]]></system-out></testcase><testcase classname="test_ports.test_ports_opr" name="test_disable_port_state_and_validate_with_getconfig" time="0.420"><failure type="exceptions.AssertionError" message="'PASS' != 'FAIL'&#10;-------------------- &gt;&gt; begin captured logging &lt;&lt; --------------------&#10;polatis: INFO: -----[ pass xml for edit-config operation ]-----&#10;&#10;&#10;polatis: INFO: xmlstr : &#10;&#10;&lt;?xml version=&quot;1.0&quot; ?&gt;&#10;&lt;config&gt;&#10; &lt;ports xmlns=&quot;http://www.polatis.com/yang/optical-switch&quot;&gt;&#10;  &lt;port xmlns:ns=&quot;urn:ietf:params:xml:ns:netconf:base:1.0&quot;&gt;&#10;   &lt;port-id&gt;1&lt;/port-id&gt;&#10;   &lt;port-state&gt;PC_DISABLED&lt;/port-state&gt;&#10;  &lt;/port&gt;&#10;  &lt;port xmlns:ns=&quot;urn:ietf:params:xml:ns:netconf:base:1.0&quot;&gt;&#10;   &lt;port-id&gt;384&lt;/port-id&gt;&#10;   &lt;port-state&gt;PC_DISABLED&lt;/port-state&gt;&#10;  &lt;/port&gt;&#10;  &lt;port xmlns:ns=&quot;urn:ietf:params:xml:ns:netconf:base:1.0&quot;&gt;&#10;   &lt;port-id&gt;767&lt;/port-id&gt;&#10;   &lt;port-state&gt;PC_DISABLED&lt;/port-state&gt;&#10;  &lt;/port&gt;&#10; &lt;/ports&gt;&#10;&lt;/config&gt;&#10;&#10;&#10;polatis: ERROR: -----[ Error from the Switch ]-----&#10;&#10;{'info': None, 'severity': 'error', 'tag': 'access-denied', 'path': None, 'message': None, 'type': 'protocol'}&#10;&#10;&#10;polatis: INFO: getting error from switch : FAIL&#10;&#10;&#10;--------------------- &gt;&gt; end captured logging &lt;&lt; ---------------------"><![CDATA[  File "/usr/lib/python2.7/unittest/case.py", line 331, in run
    testMethod()
  File "/usr/lib/python2.7/dist-packages/nose/case.py", line 197, in runTest
    self.test(*self.arg)
  File "/home/polatis/netconf/user/test_ports.py", line 169, in test_disable_port_state_and_validate_with_getconfig
    port_states=portsDict['disable_port_state'], operation = 'get-config', opr = 'create')
  File "/home/polatis/netconf/user/lib/ports.py", line 2093, in get_port_state
    nose.tools.assert_equals('PASS', result)
  File "/usr/lib/python2.7/unittest/case.py", line 515, in assertEqual
    assertion_func(first, second, msg=msg)
  File "/usr/lib/python2.7/unittest/case.py", line 508, in _baseAssertEqual
    raise self.failureException(msg)
'\'PASS\' != \'FAIL\'\n-------------------- >> begin captured logging << --------------------\npolatis: INFO: -----[ pass xml for edit-config operation ]-----\n\n\npolatis: INFO: xmlstr : \n\n<?xml version="1.0" ?>\n<config>\n <ports xmlns="http://www.polatis.com/yang/optical-switch">\n  <port xmlns:ns="urn:ietf:params:xml:ns:netconf:base:1.0">\n   <port-id>1</port-id>\n   <port-state>PC_DISABLED</port-state>\n  </port>\n  <port xmlns:ns="urn:ietf:params:xml:ns:netconf:base:1.0">\n   <port-id>384</port-id>\n   <port-state>PC_DISABLED</port-state>\n  </port>\n  <port xmlns:ns="urn:ietf:params:xml:ns:netconf:base:1.0">\n   <port-id>767</port-id>\n   <port-state>PC_DISABLED</port-state>\n  </port>\n </ports>\n</config>\n\n\npolatis: ERROR: -----[ Error from the Switch ]-----\n\n{\'info\': None, \'severity\': \'error\', \'tag\': \'access-denied\', \'path\': None, \'message\': None, \'type\': \'protocol\'}\n\n\npolatis: INFO: getting error from switch : FAIL\n\n\n--------------------- >> end captured logging << ---------------------']]></failure><system-out><![CDATA[

       +----------------------------------------------------------+       
       |    test_disable_port_state_and_validate_with_getconfig   |
       +----------------------------------------------------------+       





]]></system-out></testcase><testcase classname="test_ports.test_ports_opr" name="test_enable_port_state_and_validate_with_get" time="0.469"><failure type="exceptions.AssertionError" message="'PASS' != 'FAIL'&#10;-------------------- &gt;&gt; begin captured logging &lt;&lt; --------------------&#10;polatis: INFO: -----[ pass xml for edit-config operation ]-----&#10;&#10;&#10;polatis: INFO: xmlstr : &#10;&#10;&lt;?xml version=&quot;1.0&quot; ?&gt;&#10;&lt;config&gt;&#10; &lt;ports xmlns=&quot;http://www.polatis.com/yang/optical-switch&quot;&gt;&#10;  &lt;port xmlns:ns=&quot;urn:ietf:params:xml:ns:netconf:base:1.0&quot;&gt;&#10;   &lt;port-id&gt;1&lt;/port-id&gt;&#10;   &lt;port-state&gt;PC_ENABLED&lt;/port-state&gt;&#10;  &lt;/port&gt;&#10;  &lt;port xmlns:ns=&quot;urn:ietf:params:xml:ns:netconf:base:1.0&quot;&gt;&#10;   &lt;port-id&gt;384&lt;/port-id&gt;&#10;   &lt;port-state&gt;PC_ENABLED&lt;/port-state&gt;&#10;  &lt;/port&gt;&#10;  &lt;port xmlns:ns=&quot;urn:ietf:params:xml:ns:netconf:base:1.0&quot;&gt;&#10;   &lt;port-id&gt;767&lt;/port-id&gt;&#10;   &lt;port-state&gt;PC_ENABLED&lt;/port-state&gt;&#10;  &lt;/port&gt;&#10; &lt;/ports&gt;&#10;&lt;/config&gt;&#10;&#10;&#10;polatis: ERROR: -----[ Error from the Switch ]-----&#10;&#10;{'info': None, 'severity': 'error', 'tag': 'access-denied', 'path': None, 'message': None, 'type': 'protocol'}&#10;&#10;&#10;polatis: INFO: getting error from switch : FAIL&#10;&#10;&#10;--------------------- &gt;&gt; end captured logging &lt;&lt; ---------------------"><![CDATA[  File "/usr/lib/python2.7/unittest/case.py", line 331, in run
    testMethod()
  File "/usr/lib/python2.7/dist-packages/nose/case.py", line 197, in runTest
    self.test(*self.arg)
  File "/home/polatis/netconf/user/test_ports.py", line 148, in test_enable_port_state_and_validate_with_get
    port_states=portsDict['enable_port_state'], operation = 'get', opr = 'create')
  File "/home/polatis/netconf/user/lib/ports.py", line 2093, in get_port_state
    nose.tools.assert_equals('PASS', result)
  File "/usr/lib/python2.7/unittest/case.py", line 515, in assertEqual
    assertion_func(first, second, msg=msg)
  File "/usr/lib/python2.7/unittest/case.py", line 508, in _baseAssertEqual
    raise self.failureException(msg)
'\'PASS\' != \'FAIL\'\n-------------------- >> begin captured logging << --------------------\npolatis: INFO: -----[ pass xml for edit-config operation ]-----\n\n\npolatis: INFO: xmlstr : \n\n<?xml version="1.0" ?>\n<config>\n <ports xmlns="http://www.polatis.com/yang/optical-switch">\n  <port xmlns:ns="urn:ietf:params:xml:ns:netconf:base:1.0">\n   <port-id>1</port-id>\n   <port-state>PC_ENABLED</port-state>\n  </port>\n  <port xmlns:ns="urn:ietf:params:xml:ns:netconf:base:1.0">\n   <port-id>384</port-id>\n   <port-state>PC_ENABLED</port-state>\n  </port>\n  <port xmlns:ns="urn:ietf:params:xml:ns:netconf:base:1.0">\n   <port-id>767</port-id>\n   <port-state>PC_ENABLED</port-state>\n  </port>\n </ports>\n</config>\n\n\npolatis: ERROR: -----[ Error from the Switch ]-----\n\n{\'info\': None, \'severity\': \'error\', \'tag\': \'access-denied\', \'path\': None, \'message\': None, \'type\': \'protocol\'}\n\n\npolatis: INFO: getting error from switch : FAIL\n\n\n--------------------- >> end captured logging << ---------------------']]></failure><system-out><![CDATA[

       +---------------------------------------------------+       
       |    test_enable_port_state_and_validate_with_get   |
       +---------------------------------------------------+       





]]></system-out></testcase><testcase classname="test_ports.test_ports_opr" name="test_enable_port_state_and_validate_with_get_port_status" time="11.655"><system-out><![CDATA[

       +-----------------------------------------------------------+       
       |    test_enable_port_state_and_validate_with_port_status   |
       +-----------------------------------------------------------+       








]]></system-out></testcase><testcase classname="test_ports.test_ports_opr" name="test_enable_port_state_and_validate_with_getconfig" time="0.722"><failure type="exceptions.AssertionError" message="'PASS' != 'FAIL'&#10;-------------------- &gt;&gt; begin captured logging &lt;&lt; --------------------&#10;polatis: INFO: -----[ pass xml for edit-config operation ]-----&#10;&#10;&#10;polatis: INFO: xmlstr : &#10;&#10;&lt;?xml version=&quot;1.0&quot; ?&gt;&#10;&lt;config&gt;&#10; &lt;ports xmlns=&quot;http://www.polatis.com/yang/optical-switch&quot;&gt;&#10;  &lt;port xmlns:ns=&quot;urn:ietf:params:xml:ns:netconf:base:1.0&quot;&gt;&#10;   &lt;port-id&gt;1&lt;/port-id&gt;&#10;   &lt;port-state&gt;PC_ENABLED&lt;/port-state&gt;&#10;  &lt;/port&gt;&#10;  &lt;port xmlns:ns=&quot;urn:ietf:params:xml:ns:netconf:base:1.0&quot;&gt;&#10;   &lt;port-id&gt;384&lt;/port-id&gt;&#10;   &lt;port-state&gt;PC_ENABLED&lt;/port-state&gt;&#10;  &lt;/port&gt;&#10;  &lt;port xmlns:ns=&quot;urn:ietf:params:xml:ns:netconf:base:1.0&quot;&gt;&#10;   &lt;port-id&gt;767&lt;/port-id&gt;&#10;   &lt;port-state&gt;PC_ENABLED&lt;/port-state&gt;&#10;  &lt;/port&gt;&#10; &lt;/ports&gt;&#10;&lt;/config&gt;&#10;&#10;&#10;polatis: ERROR: -----[ Error from the Switch ]-----&#10;&#10;{'info': None, 'severity': 'error', 'tag': 'access-denied', 'path': None, 'message': None, 'type': 'protocol'}&#10;&#10;&#10;polatis: INFO: getting error from switch : FAIL&#10;&#10;&#10;--------------------- &gt;&gt; end captured logging &lt;&lt; ---------------------"><![CDATA[  File "/usr/lib/python2.7/unittest/case.py", line 331, in run
    testMethod()
  File "/usr/lib/python2.7/dist-packages/nose/case.py", line 197, in runTest
    self.test(*self.arg)
  File "/home/polatis/netconf/user/test_ports.py", line 155, in test_enable_port_state_and_validate_with_getconfig
    port_states=portsDict['enable_port_state'], operation = 'get-config', opr = 'create')
  File "/home/polatis/netconf/user/lib/ports.py", line 2093, in get_port_state
    nose.tools.assert_equals('PASS', result)
  File "/usr/lib/python2.7/unittest/case.py", line 515, in assertEqual
    assertion_func(first, second, msg=msg)
  File "/usr/lib/python2.7/unittest/case.py", line 508, in _baseAssertEqual
    raise self.failureException(msg)
'\'PASS\' != \'FAIL\'\n-------------------- >> begin captured logging << --------------------\npolatis: INFO: -----[ pass xml for edit-config operation ]-----\n\n\npolatis: INFO: xmlstr : \n\n<?xml version="1.0" ?>\n<config>\n <ports xmlns="http://www.polatis.com/yang/optical-switch">\n  <port xmlns:ns="urn:ietf:params:xml:ns:netconf:base:1.0">\n   <port-id>1</port-id>\n   <port-state>PC_ENABLED</port-state>\n  </port>\n  <port xmlns:ns="urn:ietf:params:xml:ns:netconf:base:1.0">\n   <port-id>384</port-id>\n   <port-state>PC_ENABLED</port-state>\n  </port>\n  <port xmlns:ns="urn:ietf:params:xml:ns:netconf:base:1.0">\n   <port-id>767</port-id>\n   <port-state>PC_ENABLED</port-state>\n  </port>\n </ports>\n</config>\n\n\npolatis: ERROR: -----[ Error from the Switch ]-----\n\n{\'info\': None, \'severity\': \'error\', \'tag\': \'access-denied\', \'path\': None, \'message\': None, \'type\': \'protocol\'}\n\n\npolatis: INFO: getting error from switch : FAIL\n\n\n--------------------- >> end captured logging << ---------------------']]></failure><system-out><![CDATA[

       +---------------------------------------------------------+       
       |    test_enable_port_state_and_validate_with_getconfig   |
       +---------------------------------------------------------+       





]]></system-out></testcase><testcase classname="test_ports.test_ports_opr" name="test_replace_port_label_and_validate_with_get" time="0.471"><failure type="exceptions.AssertionError" message="'PASS' != 'FAIL'&#10;-------------------- &gt;&gt; begin captured logging &lt;&lt; --------------------&#10;polatis: INFO: -----[ pass xml for edit-config operation ]-----&#10;&#10;&#10;polatis: INFO: xmlstr : &#10;&#10;&lt;?xml version=&quot;1.0&quot; ?&gt;&#10;&lt;config&gt;&#10; &lt;ports xmlns=&quot;http://www.polatis.com/yang/optical-switch&quot;&gt;&#10;  &lt;port xmlns:ns=&quot;urn:ietf:params:xml:ns:netconf:base:1.0&quot;&gt;&#10;   &lt;port-id&gt;1&lt;/port-id&gt;&#10;   &lt;port-label ns:operation=&quot;replace&quot;&gt;port1&lt;/port-label&gt;&#10;  &lt;/port&gt;&#10;  &lt;port xmlns:ns=&quot;urn:ietf:params:xml:ns:netconf:base:1.0&quot;&gt;&#10;   &lt;port-id&gt;384&lt;/port-id&gt;&#10;   &lt;port-label ns:operation=&quot;replace&quot;&gt;port2&lt;/port-label&gt;&#10;  &lt;/port&gt;&#10;  &lt;port xmlns:ns=&quot;urn:ietf:params:xml:ns:netconf:base:1.0&quot;&gt;&#10;   &lt;port-id&gt;767&lt;/port-id&gt;&#10;   &lt;port-label ns:operation=&quot;replace&quot;&gt;port3&lt;/port-label&gt;&#10;  &lt;/port&gt;&#10; &lt;/ports&gt;&#10;&lt;/config&gt;&#10;&#10;&#10;polatis: ERROR: -----[ Error from the Switch ]-----&#10;&#10;{'info': None, 'severity': 'error', 'tag': 'access-denied', 'path': None, 'message': None, 'type': 'protocol'}&#10;&#10;&#10;polatis: INFO: getting error from switch : FAIL&#10;&#10;&#10;--------------------- &gt;&gt; end captured logging &lt;&lt; ---------------------"><![CDATA[  File "/usr/lib/python2.7/unittest/case.py", line 331, in run
    testMethod()
  File "/usr/lib/python2.7/dist-packages/nose/case.py", line 197, in runTest
    self.test(*self.arg)
  File "/home/polatis/netconf/user/test_ports.py", line 102, in test_replace_port_label_and_validate_with_get
    port_labels=portsDict['port_label'], operation = 'get', opr = 'replace')
  File "/home/polatis/netconf/user/lib/ports.py", line 373, in editconfig_create_port_label
    nose.tools.assert_equals('PASS', result)
  File "/usr/lib/python2.7/unittest/case.py", line 515, in assertEqual
    assertion_func(first, second, msg=msg)
  File "/usr/lib/python2.7/unittest/case.py", line 508, in _baseAssertEqual
    raise self.failureException(msg)
'\'PASS\' != \'FAIL\'\n-------------------- >> begin captured logging << --------------------\npolatis: INFO: -----[ pass xml for edit-config operation ]-----\n\n\npolatis: INFO: xmlstr : \n\n<?xml version="1.0" ?>\n<config>\n <ports xmlns="http://www.polatis.com/yang/optical-switch">\n  <port xmlns:ns="urn:ietf:params:xml:ns:netconf:base:1.0">\n   <port-id>1</port-id>\n   <port-label ns:operation="replace">port1</port-label>\n  </port>\n  <port xmlns:ns="urn:ietf:params:xml:ns:netconf:base:1.0">\n   <port-id>384</port-id>\n   <port-label ns:operation="replace">port2</port-label>\n  </port>\n  <port xmlns:ns="urn:ietf:params:xml:ns:netconf:base:1.0">\n   <port-id>767</port-id>\n   <port-label ns:operation="replace">port3</port-label>\n  </port>\n </ports>\n</config>\n\n\npolatis: ERROR: -----[ Error from the Switch ]-----\n\n{\'info\': None, \'severity\': \'error\', \'tag\': \'access-denied\', \'path\': None, \'message\': None, \'type\': \'protocol\'}\n\n\npolatis: INFO: getting error from switch : FAIL\n\n\n--------------------- >> end captured logging << ---------------------']]></failure><system-out><![CDATA[

       +----------------------------------------------------+       
       |    test_replace_port_lable_and_validate_with_get   |
       +----------------------------------------------------+       





]]></system-out></testcase><testcase classname="test_ports.test_ports_opr" name="test_replace_port_label_and_validate_with_getconfig" time="0.472"><failure type="exceptions.AssertionError" message="'PASS' != 'FAIL'&#10;-------------------- &gt;&gt; begin captured logging &lt;&lt; --------------------&#10;polatis: INFO: -----[ pass xml for edit-config operation ]-----&#10;&#10;&#10;polatis: INFO: xmlstr : &#10;&#10;&lt;?xml version=&quot;1.0&quot; ?&gt;&#10;&lt;config&gt;&#10; &lt;ports xmlns=&quot;http://www.polatis.com/yang/optical-switch&quot;&gt;&#10;  &lt;port xmlns:ns=&quot;urn:ietf:params:xml:ns:netconf:base:1.0&quot;&gt;&#10;   &lt;port-id&gt;1&lt;/port-id&gt;&#10;   &lt;port-label ns:operation=&quot;replace&quot;&gt;polatis1&lt;/port-label&gt;&#10;  &lt;/port&gt;&#10;  &lt;port xmlns:ns=&quot;urn:ietf:params:xml:ns:netconf:base:1.0&quot;&gt;&#10;   &lt;port-id&gt;384&lt;/port-id&gt;&#10;   &lt;port-label ns:operation=&quot;replace&quot;&gt;polatis2&lt;/port-label&gt;&#10;  &lt;/port&gt;&#10;  &lt;port xmlns:ns=&quot;urn:ietf:params:xml:ns:netconf:base:1.0&quot;&gt;&#10;   &lt;port-id&gt;767&lt;/port-id&gt;&#10;   &lt;port-label ns:operation=&quot;replace&quot;&gt;polatis3&lt;/port-label&gt;&#10;  &lt;/port&gt;&#10; &lt;/ports&gt;&#10;&lt;/config&gt;&#10;&#10;&#10;polatis: ERROR: -----[ Error from the Switch ]-----&#10;&#10;{'info': None, 'severity': 'error', 'tag': 'access-denied', 'path': None, 'message': None, 'type': 'protocol'}&#10;&#10;&#10;polatis: INFO: getting error from switch : FAIL&#10;&#10;&#10;--------------------- &gt;&gt; end captured logging &lt;&lt; ---------------------"><![CDATA[  File "/usr/lib/python2.7/unittest/case.py", line 331, in run
    testMethod()
  File "/usr/lib/python2.7/dist-packages/nose/case.py", line 197, in runTest
    self.test(*self.arg)
  File "/home/polatis/netconf/user/test_ports.py", line 111, in test_replace_port_label_and_validate_with_getconfig
    port_labels=portsDict['replace_port_label'], operation = 'get-config', opr = 'replace')
  File "/home/polatis/netconf/user/lib/ports.py", line 373, in editconfig_create_port_label
    nose.tools.assert_equals('PASS', result)
  File "/usr/lib/python2.7/unittest/case.py", line 515, in assertEqual
    assertion_func(first, second, msg=msg)
  File "/usr/lib/python2.7/unittest/case.py", line 508, in _baseAssertEqual
    raise self.failureException(msg)
'\'PASS\' != \'FAIL\'\n-------------------- >> begin captured logging << --------------------\npolatis: INFO: -----[ pass xml for edit-config operation ]-----\n\n\npolatis: INFO: xmlstr : \n\n<?xml version="1.0" ?>\n<config>\n <ports xmlns="http://www.polatis.com/yang/optical-switch">\n  <port xmlns:ns="urn:ietf:params:xml:ns:netconf:base:1.0">\n   <port-id>1</port-id>\n   <port-label ns:operation="replace">polatis1</port-label>\n  </port>\n  <port xmlns:ns="urn:ietf:params:xml:ns:netconf:base:1.0">\n   <port-id>384</port-id>\n   <port-label ns:operation="replace">polatis2</port-label>\n  </port>\n  <port xmlns:ns="urn:ietf:params:xml:ns:netconf:base:1.0">\n   <port-id>767</port-id>\n   <port-label ns:operation="replace">polatis3</port-label>\n  </port>\n </ports>\n</config>\n\n\npolatis: ERROR: -----[ Error from the Switch ]-----\n\n{\'info\': None, \'severity\': \'error\', \'tag\': \'access-denied\', \'path\': None, \'message\': None, \'type\': \'protocol\'}\n\n\npolatis: INFO: getting error from switch : FAIL\n\n\n--------------------- >> end captured logging << ---------------------']]></failure><system-out><![CDATA[

       +----------------------------------------------------------+       
       |    test_replace_port_label_and_validate_with_getconfig   |
       +----------------------------------------------------------+       





]]></system-out></testcase><testcase classname="test_ports.test_ports_opr" name="test_set_invalid_port_state_using_numbers" time="0.471"><system-out><![CDATA[

       +------------------------------------------------+       
       |    test_set_invalid_port_state_using_numbers   |
       +------------------------------------------------+       





]]></system-out></testcase><testcase classname="test_ports.test_ports_opr" name="test_set_invalid_port_state_using_special_char" time="0.420"><system-out><![CDATA[

       +-----------------------------------------------------+       
       |    test_set_invalid_port_state_using_special_char   |
       +-----------------------------------------------------+       





]]></system-out></testcase></testsuite>