<?xml version="1.0" encoding="UTF-8"?><testsuite name="nosetests" tests="13" errors="0" failures="6" skip="0"><testcase classname="test_enable_notifications.test_enable_notifications" name="test_all_notif" time="0.728"><system-out><![CDATA[

       +---------------------+       
       |    test_all_notif   |
       +---------------------+       





]]></system-out></testcase><testcase classname="test_enable_notifications.test_enable_notifications" name="test_get_all_notif" time="0.733"><failure type="exceptions.AssertionError" message="'PASS' != 'FAIL'&#10;-------------------- &gt;&gt; begin captured logging &lt;&lt; --------------------&#10;polatis: INFO: -----[ create xml for get/getconfig operation ]-----&#10;&#10;&lt;?xml version=&quot;1.0&quot; ?&gt;&#10;&lt;plts:enable-notifications xmlns:plts=&quot;http://www.polatis.com/yang/polatis-switch&quot;/&gt;&#10;&#10;&#10;polatis: INFO: -----[ get - response from the switch ]-----&#10;&#10;&#10;&lt;?xml version=&quot;1.0&quot; ?&gt;&#10;&lt;data xmlns=&quot;urn:ietf:params:xml:ns:netconf:base:1.0&quot; xmlns:nc=&quot;urn:ietf:params:xml:ns:netconf:base:1.0&quot;&gt;&#10; &lt;enable-notifications xmlns=&quot;http://www.polatis.com/yang/polatis-switch&quot;/&gt;&#10;&lt;/data&gt;&#10;&#10;&#10;polatis: INFO: There is no notifications&#10;&#10;polatis: INFO: -----[ validate notification information ]-----&#10;&#10;&#10;polatis: INFO: parsed notifications []&#10;polatis: INFO: notif_name : NOTIF_SYSTEM NOTIF_PORT NOTIF_PORT_POWER NOTIF_PORT_POWER_WARN NOTIF_SWITCH&#10;polatis: ERROR: comparision failed : FAIL&#10;&#10;--------------------- &gt;&gt; end captured logging &lt;&lt; ---------------------"><![CDATA[  File "/usr/lib/python2.7/unittest/case.py", line 331, in run
    testMethod()
  File "/usr/lib/python2.7/dist-packages/nose/case.py", line 197, in runTest
    self.test(*self.arg)
  File "/home/polatis/netconf/user/test_enable_notifications.py", line 84, in test_get_all_notif
    file_name='test_get_all_notif.xml')
  File "/home/polatis/netconf/user/lib/enable_notifications.py", line 539, in get_notif_system
    nose.tools.assert_equals('PASS', result)
  File "/usr/lib/python2.7/unittest/case.py", line 515, in assertEqual
    assertion_func(first, second, msg=msg)
  File "/usr/lib/python2.7/unittest/case.py", line 508, in _baseAssertEqual
    raise self.failureException(msg)
'\'PASS\' != \'FAIL\'\n-------------------- >> begin captured logging << --------------------\npolatis: INFO: -----[ create xml for get/getconfig operation ]-----\n\n<?xml version="1.0" ?>\n<plts:enable-notifications xmlns:plts="http://www.polatis.com/yang/polatis-switch"/>\n\n\npolatis: INFO: -----[ get - response from the switch ]-----\n\n\n<?xml version="1.0" ?>\n<data xmlns="urn:ietf:params:xml:ns:netconf:base:1.0" xmlns:nc="urn:ietf:params:xml:ns:netconf:base:1.0">\n <enable-notifications xmlns="http://www.polatis.com/yang/polatis-switch"/>\n</data>\n\n\npolatis: INFO: There is no notifications\n\npolatis: INFO: -----[ validate notification information ]-----\n\n\npolatis: INFO: parsed notifications []\npolatis: INFO: notif_name : NOTIF_SYSTEM NOTIF_PORT NOTIF_PORT_POWER NOTIF_PORT_POWER_WARN NOTIF_SWITCH\npolatis: ERROR: comparision failed : FAIL\n\n--------------------- >> end captured logging << ---------------------']]></failure><system-out><![CDATA[

       +-------------------------+       
       |    test_get_all_notif   |
       +-------------------------+       





]]></system-out></testcase><testcase classname="test_enable_notifications.test_enable_notifications" name="test_get_notif_port" time="0.476"><failure type="exceptions.AssertionError" message="'PASS' != 'FAIL'&#10;-------------------- &gt;&gt; begin captured logging &lt;&lt; --------------------&#10;polatis: INFO: -----[ create xml for get/getconfig operation ]-----&#10;&#10;&lt;?xml version=&quot;1.0&quot; ?&gt;&#10;&lt;plts:enable-notifications xmlns:plts=&quot;http://www.polatis.com/yang/polatis-switch&quot;/&gt;&#10;&#10;&#10;polatis: INFO: -----[ get - response from the switch ]-----&#10;&#10;&#10;&lt;?xml version=&quot;1.0&quot; ?&gt;&#10;&lt;data xmlns=&quot;urn:ietf:params:xml:ns:netconf:base:1.0&quot; xmlns:nc=&quot;urn:ietf:params:xml:ns:netconf:base:1.0&quot;&gt;&#10; &lt;enable-notifications xmlns=&quot;http://www.polatis.com/yang/polatis-switch&quot;/&gt;&#10;&lt;/data&gt;&#10;&#10;&#10;polatis: INFO: There is no notifications&#10;&#10;polatis: INFO: -----[ validate notification information ]-----&#10;&#10;&#10;polatis: INFO: parsed notifications []&#10;polatis: INFO: notif_name : NOTIF_PORT&#10;polatis: ERROR: comparision failed : FAIL&#10;&#10;--------------------- &gt;&gt; end captured logging &lt;&lt; ---------------------"><![CDATA[  File "/usr/lib/python2.7/unittest/case.py", line 331, in run
    testMethod()
  File "/usr/lib/python2.7/dist-packages/nose/case.py", line 197, in runTest
    self.test(*self.arg)
  File "/home/polatis/netconf/user/test_enable_notifications.py", line 54, in test_get_notif_port
    file_name='test_get_notif_port.xml')
  File "/home/polatis/netconf/user/lib/enable_notifications.py", line 375, in get_notif_port
    nose.tools.assert_equals('PASS', result)
  File "/usr/lib/python2.7/unittest/case.py", line 515, in assertEqual
    assertion_func(first, second, msg=msg)
  File "/usr/lib/python2.7/unittest/case.py", line 508, in _baseAssertEqual
    raise self.failureException(msg)
'\'PASS\' != \'FAIL\'\n-------------------- >> begin captured logging << --------------------\npolatis: INFO: -----[ create xml for get/getconfig operation ]-----\n\n<?xml version="1.0" ?>\n<plts:enable-notifications xmlns:plts="http://www.polatis.com/yang/polatis-switch"/>\n\n\npolatis: INFO: -----[ get - response from the switch ]-----\n\n\n<?xml version="1.0" ?>\n<data xmlns="urn:ietf:params:xml:ns:netconf:base:1.0" xmlns:nc="urn:ietf:params:xml:ns:netconf:base:1.0">\n <enable-notifications xmlns="http://www.polatis.com/yang/polatis-switch"/>\n</data>\n\n\npolatis: INFO: There is no notifications\n\npolatis: INFO: -----[ validate notification information ]-----\n\n\npolatis: INFO: parsed notifications []\npolatis: INFO: notif_name : NOTIF_PORT\npolatis: ERROR: comparision failed : FAIL\n\n--------------------- >> end captured logging << ---------------------']]></failure><system-out><![CDATA[

       +--------------------------+       
       |    test_get_notif_port   |
       +--------------------------+       





]]></system-out></testcase><testcase classname="test_enable_notifications.test_enable_notifications" name="test_get_notif_port_power" time="0.426"><failure type="exceptions.AssertionError" message="'PASS' != 'FAIL'&#10;-------------------- &gt;&gt; begin captured logging &lt;&lt; --------------------&#10;polatis: INFO: -----[ create xml for get/getconfig operation ]-----&#10;&#10;&lt;?xml version=&quot;1.0&quot; ?&gt;&#10;&lt;plts:enable-notifications xmlns:plts=&quot;http://www.polatis.com/yang/polatis-switch&quot;/&gt;&#10;&#10;&#10;polatis: INFO: -----[ get - response from the switch ]-----&#10;&#10;&#10;&lt;?xml version=&quot;1.0&quot; ?&gt;&#10;&lt;data xmlns=&quot;urn:ietf:params:xml:ns:netconf:base:1.0&quot; xmlns:nc=&quot;urn:ietf:params:xml:ns:netconf:base:1.0&quot;&gt;&#10; &lt;enable-notifications xmlns=&quot;http://www.polatis.com/yang/polatis-switch&quot;/&gt;&#10;&lt;/data&gt;&#10;&#10;&#10;polatis: INFO: There is no notifications&#10;&#10;polatis: INFO: -----[ validate notification information ]-----&#10;&#10;&#10;polatis: INFO: parsed notifications []&#10;polatis: INFO: notif_name : NOTIF_PORT_POWER&#10;polatis: ERROR: comparision failed : FAIL&#10;&#10;--------------------- &gt;&gt; end captured logging &lt;&lt; ---------------------"><![CDATA[  File "/usr/lib/python2.7/unittest/case.py", line 331, in run
    testMethod()
  File "/usr/lib/python2.7/dist-packages/nose/case.py", line 197, in runTest
    self.test(*self.arg)
  File "/home/polatis/netconf/user/test_enable_notifications.py", line 60, in test_get_notif_port_power
    file_name='test_get_notif_port_power.xml')
  File "/home/polatis/netconf/user/lib/enable_notifications.py", line 420, in get_notif_port_power
    nose.tools.assert_equals('PASS', result)
  File "/usr/lib/python2.7/unittest/case.py", line 515, in assertEqual
    assertion_func(first, second, msg=msg)
  File "/usr/lib/python2.7/unittest/case.py", line 508, in _baseAssertEqual
    raise self.failureException(msg)
'\'PASS\' != \'FAIL\'\n-------------------- >> begin captured logging << --------------------\npolatis: INFO: -----[ create xml for get/getconfig operation ]-----\n\n<?xml version="1.0" ?>\n<plts:enable-notifications xmlns:plts="http://www.polatis.com/yang/polatis-switch"/>\n\n\npolatis: INFO: -----[ get - response from the switch ]-----\n\n\n<?xml version="1.0" ?>\n<data xmlns="urn:ietf:params:xml:ns:netconf:base:1.0" xmlns:nc="urn:ietf:params:xml:ns:netconf:base:1.0">\n <enable-notifications xmlns="http://www.polatis.com/yang/polatis-switch"/>\n</data>\n\n\npolatis: INFO: There is no notifications\n\npolatis: INFO: -----[ validate notification information ]-----\n\n\npolatis: INFO: parsed notifications []\npolatis: INFO: notif_name : NOTIF_PORT_POWER\npolatis: ERROR: comparision failed : FAIL\n\n--------------------- >> end captured logging << ---------------------']]></failure><system-out><![CDATA[

       +--------------------------------+       
       |    test_get_notif_port_power   |
       +--------------------------------+       





]]></system-out></testcase><testcase classname="test_enable_notifications.test_enable_notifications" name="test_get_notif_port_power_warn" time="0.478"><failure type="exceptions.AssertionError" message="'PASS' != 'FAIL'&#10;-------------------- &gt;&gt; begin captured logging &lt;&lt; --------------------&#10;polatis: INFO: -----[ create xml for get/getconfig operation ]-----&#10;&#10;&lt;?xml version=&quot;1.0&quot; ?&gt;&#10;&lt;plts:enable-notifications xmlns:plts=&quot;http://www.polatis.com/yang/polatis-switch&quot;/&gt;&#10;&#10;&#10;polatis: INFO: -----[ get - response from the switch ]-----&#10;&#10;&#10;&lt;?xml version=&quot;1.0&quot; ?&gt;&#10;&lt;data xmlns=&quot;urn:ietf:params:xml:ns:netconf:base:1.0&quot; xmlns:nc=&quot;urn:ietf:params:xml:ns:netconf:base:1.0&quot;&gt;&#10; &lt;enable-notifications xmlns=&quot;http://www.polatis.com/yang/polatis-switch&quot;/&gt;&#10;&lt;/data&gt;&#10;&#10;&#10;polatis: INFO: There is no notifications&#10;&#10;polatis: INFO: -----[ validate notification information ]-----&#10;&#10;&#10;polatis: INFO: parsed notifications []&#10;polatis: INFO: notif_name : NOTIF_PORT_POWER_WARN&#10;polatis: ERROR: comparision failed : FAIL&#10;&#10;--------------------- &gt;&gt; end captured logging &lt;&lt; ---------------------"><![CDATA[  File "/usr/lib/python2.7/unittest/case.py", line 331, in run
    testMethod()
  File "/usr/lib/python2.7/dist-packages/nose/case.py", line 197, in runTest
    self.test(*self.arg)
  File "/home/polatis/netconf/user/test_enable_notifications.py", line 66, in test_get_notif_port_power_warn
    file_name='test_get_notif_port_power_warn.xml')
  File "/home/polatis/netconf/user/lib/enable_notifications.py", line 461, in get_notif_port_power_warn
    nose.tools.assert_equals('PASS', result)
  File "/usr/lib/python2.7/unittest/case.py", line 515, in assertEqual
    assertion_func(first, second, msg=msg)
  File "/usr/lib/python2.7/unittest/case.py", line 508, in _baseAssertEqual
    raise self.failureException(msg)
'\'PASS\' != \'FAIL\'\n-------------------- >> begin captured logging << --------------------\npolatis: INFO: -----[ create xml for get/getconfig operation ]-----\n\n<?xml version="1.0" ?>\n<plts:enable-notifications xmlns:plts="http://www.polatis.com/yang/polatis-switch"/>\n\n\npolatis: INFO: -----[ get - response from the switch ]-----\n\n\n<?xml version="1.0" ?>\n<data xmlns="urn:ietf:params:xml:ns:netconf:base:1.0" xmlns:nc="urn:ietf:params:xml:ns:netconf:base:1.0">\n <enable-notifications xmlns="http://www.polatis.com/yang/polatis-switch"/>\n</data>\n\n\npolatis: INFO: There is no notifications\n\npolatis: INFO: -----[ validate notification information ]-----\n\n\npolatis: INFO: parsed notifications []\npolatis: INFO: notif_name : NOTIF_PORT_POWER_WARN\npolatis: ERROR: comparision failed : FAIL\n\n--------------------- >> end captured logging << ---------------------']]></failure><system-out><![CDATA[

       +-------------------------------------+       
       |    test_get_notif_port_power_warn   |
       +-------------------------------------+       





]]></system-out></testcase><testcase classname="test_enable_notifications.test_enable_notifications" name="test_get_notif_switch" time="0.470"><failure type="exceptions.AssertionError" message="'PASS' != 'FAIL'&#10;-------------------- &gt;&gt; begin captured logging &lt;&lt; --------------------&#10;polatis: INFO: -----[ create xml for get/getconfig operation ]-----&#10;&#10;&lt;?xml version=&quot;1.0&quot; ?&gt;&#10;&lt;plts:enable-notifications xmlns:plts=&quot;http://www.polatis.com/yang/polatis-switch&quot;/&gt;&#10;&#10;&#10;polatis: INFO: -----[ get - response from the switch ]-----&#10;&#10;&#10;&lt;?xml version=&quot;1.0&quot; ?&gt;&#10;&lt;data xmlns=&quot;urn:ietf:params:xml:ns:netconf:base:1.0&quot; xmlns:nc=&quot;urn:ietf:params:xml:ns:netconf:base:1.0&quot;&gt;&#10; &lt;enable-notifications xmlns=&quot;http://www.polatis.com/yang/polatis-switch&quot;/&gt;&#10;&lt;/data&gt;&#10;&#10;&#10;polatis: INFO: There is no notifications&#10;&#10;polatis: INFO: -----[ validate notification information ]-----&#10;&#10;&#10;polatis: INFO: parsed notifications []&#10;polatis: INFO: notif_name : NOTIF_SWITCH&#10;polatis: ERROR: comparision failed : FAIL&#10;&#10;--------------------- &gt;&gt; end captured logging &lt;&lt; ---------------------"><![CDATA[  File "/usr/lib/python2.7/unittest/case.py", line 331, in run
    testMethod()
  File "/usr/lib/python2.7/dist-packages/nose/case.py", line 197, in runTest
    self.test(*self.arg)
  File "/home/polatis/netconf/user/test_enable_notifications.py", line 72, in test_get_notif_switch
    file_name='test_get_notif_switch.xml')
  File "/home/polatis/netconf/user/lib/enable_notifications.py", line 503, in get_notif_switch
    nose.tools.assert_equals('PASS', result)
  File "/usr/lib/python2.7/unittest/case.py", line 515, in assertEqual
    assertion_func(first, second, msg=msg)
  File "/usr/lib/python2.7/unittest/case.py", line 508, in _baseAssertEqual
    raise self.failureException(msg)
'\'PASS\' != \'FAIL\'\n-------------------- >> begin captured logging << --------------------\npolatis: INFO: -----[ create xml for get/getconfig operation ]-----\n\n<?xml version="1.0" ?>\n<plts:enable-notifications xmlns:plts="http://www.polatis.com/yang/polatis-switch"/>\n\n\npolatis: INFO: -----[ get - response from the switch ]-----\n\n\n<?xml version="1.0" ?>\n<data xmlns="urn:ietf:params:xml:ns:netconf:base:1.0" xmlns:nc="urn:ietf:params:xml:ns:netconf:base:1.0">\n <enable-notifications xmlns="http://www.polatis.com/yang/polatis-switch"/>\n</data>\n\n\npolatis: INFO: There is no notifications\n\npolatis: INFO: -----[ validate notification information ]-----\n\n\npolatis: INFO: parsed notifications []\npolatis: INFO: notif_name : NOTIF_SWITCH\npolatis: ERROR: comparision failed : FAIL\n\n--------------------- >> end captured logging << ---------------------']]></failure><system-out><![CDATA[

       +----------------------------+       
       |    test_get_notif_switch   |
       +----------------------------+       





]]></system-out></testcase><testcase classname="test_enable_notifications.test_enable_notifications" name="test_get_notif_system" time="0.519"><failure type="exceptions.AssertionError" message="'PASS' != 'FAIL'&#10;-------------------- &gt;&gt; begin captured logging &lt;&lt; --------------------&#10;polatis: INFO: -----[ create xml for get/getconfig operation ]-----&#10;&#10;&lt;?xml version=&quot;1.0&quot; ?&gt;&#10;&lt;plts:enable-notifications xmlns:plts=&quot;http://www.polatis.com/yang/polatis-switch&quot;/&gt;&#10;&#10;&#10;polatis: INFO: -----[ get - response from the switch ]-----&#10;&#10;&#10;&lt;?xml version=&quot;1.0&quot; ?&gt;&#10;&lt;data xmlns=&quot;urn:ietf:params:xml:ns:netconf:base:1.0&quot; xmlns:nc=&quot;urn:ietf:params:xml:ns:netconf:base:1.0&quot;&gt;&#10; &lt;enable-notifications xmlns=&quot;http://www.polatis.com/yang/polatis-switch&quot;/&gt;&#10;&lt;/data&gt;&#10;&#10;&#10;polatis: INFO: There is no notifications&#10;&#10;polatis: INFO: -----[ validate notification information ]-----&#10;&#10;&#10;polatis: INFO: parsed notifications []&#10;polatis: INFO: notif_name : NOTIF_SYSTEM&#10;polatis: ERROR: comparision failed : FAIL&#10;&#10;--------------------- &gt;&gt; end captured logging &lt;&lt; ---------------------"><![CDATA[  File "/usr/lib/python2.7/unittest/case.py", line 331, in run
    testMethod()
  File "/usr/lib/python2.7/dist-packages/nose/case.py", line 197, in runTest
    self.test(*self.arg)
  File "/home/polatis/netconf/user/test_enable_notifications.py", line 78, in test_get_notif_system
    file_name='test_get_notif_system.xml')
  File "/home/polatis/netconf/user/lib/enable_notifications.py", line 539, in get_notif_system
    nose.tools.assert_equals('PASS', result)
  File "/usr/lib/python2.7/unittest/case.py", line 515, in assertEqual
    assertion_func(first, second, msg=msg)
  File "/usr/lib/python2.7/unittest/case.py", line 508, in _baseAssertEqual
    raise self.failureException(msg)
'\'PASS\' != \'FAIL\'\n-------------------- >> begin captured logging << --------------------\npolatis: INFO: -----[ create xml for get/getconfig operation ]-----\n\n<?xml version="1.0" ?>\n<plts:enable-notifications xmlns:plts="http://www.polatis.com/yang/polatis-switch"/>\n\n\npolatis: INFO: -----[ get - response from the switch ]-----\n\n\n<?xml version="1.0" ?>\n<data xmlns="urn:ietf:params:xml:ns:netconf:base:1.0" xmlns:nc="urn:ietf:params:xml:ns:netconf:base:1.0">\n <enable-notifications xmlns="http://www.polatis.com/yang/polatis-switch"/>\n</data>\n\n\npolatis: INFO: There is no notifications\n\npolatis: INFO: -----[ validate notification information ]-----\n\n\npolatis: INFO: parsed notifications []\npolatis: INFO: notif_name : NOTIF_SYSTEM\npolatis: ERROR: comparision failed : FAIL\n\n--------------------- >> end captured logging << ---------------------']]></failure><system-out><![CDATA[

       +----------------------------+       
       |    test_get_notif_system   |
       +----------------------------+       





]]></system-out></testcase><testcase classname="test_enable_notifications.test_enable_notifications" name="test_negative_case" time="0.471"><system-out><![CDATA[

       +-------------------------+       
       |    test_negative_case   |
       +-------------------------+       





]]></system-out></testcase><testcase classname="test_enable_notifications.test_enable_notifications" name="test_notif_port" time="0.468"><system-out><![CDATA[

       +----------------------+       
       |    test_notif_port   |
       +----------------------+       





]]></system-out></testcase><testcase classname="test_enable_notifications.test_enable_notifications" name="test_notif_port_power" time="0.418"><system-out><![CDATA[

       +----------------------------+       
       |    test_notif_port_power   |
       +----------------------------+       





]]></system-out></testcase><testcase classname="test_enable_notifications.test_enable_notifications" name="test_notif_port_power_warn" time="0.467"><system-out><![CDATA[

       +---------------------------------+       
       |    test_notif_port_power_warn   |
       +---------------------------------+       





]]></system-out></testcase><testcase classname="test_enable_notifications.test_enable_notifications" name="test_notif_port_switch" time="0.466"><system-out><![CDATA[

       +-----------------------------+       
       |    test_notif_port_switch   |
       +-----------------------------+       





]]></system-out></testcase><testcase classname="test_enable_notifications.test_enable_notifications" name="test_notif_system" time="0.768"><system-out><![CDATA[

       +------------------------+       
       |    test_notif_system   |
       +------------------------+       





]]></system-out></testcase></testsuite>