<?xml version="1.0" encoding="UTF-8"?><testsuite name="nosetests" tests="13" errors="2" failures="1" skip="0"><testcase classname="test_enable_notifications.test_enable_notifications" name="test_all_notif" time="1.761"><system-out><![CDATA[

       +---------------------+       
       |    test_all_notif   |
       +---------------------+       


xmlstr :  <config><enable-notifications xmlns="http://www.polatis.com/yang/polatis-switch">NOTIF_PORT NOTIF_PORT_POWER NOTIF_PORT_POWER_WARN NOTIF_SWITCH NOTIF_SYSTEM</enable-notifications></config>






]]></system-out></testcase><testcase classname="test_enable_notifications.test_enable_notifications" name="test_get_all_notif" time="1.354"><failure type="exceptions.AssertionError" message="'PASS' != 'FAIL'&#10;-------------------- &gt;&gt; begin captured logging &lt;&lt; --------------------&#10;polatis: INFO: -----[ pass xml for edit-config operation ]-----&#10;&#10;&#10;polatis: INFO: -----[ edit-config - response from the switch ]-----&#10;&#10;&#10;&lt;?xml version=&quot;1.0&quot; encoding=&quot;UTF-8&quot;?&gt;&#10;&lt;rpc-reply xmlns=&quot;urn:ietf:params:xml:ns:netconf:base:1.0&quot; message-id=&quot;urn:uuid:851bf388-7b2f-11e6-8a8f-005056a06866&quot; xmlns:nc=&quot;urn:ietf:params:xml:ns:netconf:base:1.0&quot;&gt;&lt;ok/&gt;&lt;/rpc-reply&gt;&#10;&#10;&#10;polatis: INFO: -----[ create xml for get/getconfig operation ]-----&#10;&#10;polatis: INFO: -----[ get - response from the switch ]-----&#10;&#10;&#10;&lt;?xml version=&quot;1.0&quot; ?&gt;&#10;&lt;data xmlns=&quot;urn:ietf:params:xml:ns:netconf:base:1.0&quot; xmlns:nc=&quot;urn:ietf:params:xml:ns:netconf:base:1.0&quot;&gt;&#10; &lt;enable-notifications xmlns=&quot;http://www.polatis.com/yang/polatis-switch&quot;&gt;NOTIF_PORT_POWER NOTIF_PORT_POWER_WARN NOTIF_PORT NOTIF_SWITCH&lt;/enable-notifications&gt;&#10;&lt;/data&gt;&#10;&#10;&#10;polatis: INFO: -----[ validate notification information ]-----&#10;&#10;&#10;polatis: INFO: parsed-NOTIF_SYSTEM NOTIF_PORT NOTIF_PORT_POWER NOTIF_PORT_POWER_WARN NOTIF_SWITCHs : NOTIF_PORT_POWER NOTIF_PORT_POWER_WARN NOTIF_PORT NOTIF_SWITCH&#10;polatis: ERROR: comparision failed : FAIL&#10;&#10;--------------------- &gt;&gt; end captured logging &lt;&lt; ---------------------"><![CDATA[  File "/usr/lib/python2.7/unittest/case.py", line 331, in run
    testMethod()
  File "/usr/lib/python2.7/dist-packages/nose/case.py", line 197, in runTest
    self.test(*self.arg)
  File "/home/polatis/netconf_new/admin/test_enable_notifications.py", line 84, in test_get_all_notif
    file_name='test_get_all_notif.xml')
  File "/home/polatis/netconf_new/admin/lib/enable_notifications.py", line 675, in get_notif_system
    nose.tools.assert_equals('PASS', result)
  File "/usr/lib/python2.7/unittest/case.py", line 515, in assertEqual
    assertion_func(first, second, msg=msg)
  File "/usr/lib/python2.7/unittest/case.py", line 508, in _baseAssertEqual
    raise self.failureException(msg)
'\'PASS\' != \'FAIL\'\n-------------------- >> begin captured logging << --------------------\npolatis: INFO: -----[ pass xml for edit-config operation ]-----\n\n\npolatis: INFO: -----[ edit-config - response from the switch ]-----\n\n\n<?xml version="1.0" encoding="UTF-8"?>\n<rpc-reply xmlns="urn:ietf:params:xml:ns:netconf:base:1.0" message-id="urn:uuid:851bf388-7b2f-11e6-8a8f-005056a06866" xmlns:nc="urn:ietf:params:xml:ns:netconf:base:1.0"><ok/></rpc-reply>\n\n\npolatis: INFO: -----[ create xml for get/getconfig operation ]-----\n\npolatis: INFO: -----[ get - response from the switch ]-----\n\n\n<?xml version="1.0" ?>\n<data xmlns="urn:ietf:params:xml:ns:netconf:base:1.0" xmlns:nc="urn:ietf:params:xml:ns:netconf:base:1.0">\n <enable-notifications xmlns="http://www.polatis.com/yang/polatis-switch">NOTIF_PORT_POWER NOTIF_PORT_POWER_WARN NOTIF_PORT NOTIF_SWITCH</enable-notifications>\n</data>\n\n\npolatis: INFO: -----[ validate notification information ]-----\n\n\npolatis: INFO: parsed-NOTIF_SYSTEM NOTIF_PORT NOTIF_PORT_POWER NOTIF_PORT_POWER_WARN NOTIF_SWITCHs : NOTIF_PORT_POWER NOTIF_PORT_POWER_WARN NOTIF_PORT NOTIF_SWITCH\npolatis: ERROR: comparision failed : FAIL\n\n--------------------- >> end captured logging << ---------------------']]></failure><system-out><![CDATA[

       +-------------------------+       
       |    test_get_all_notif   |
       +-------------------------+       


xmlstr :  <config><enable-notifications xmlns="http://www.polatis.com/yang/polatis-switch">NOTIF_SYSTEM NOTIF_PORT NOTIF_PORT_POWER NOTIF_PORT_POWER_WARN NOTIF_SWITCH</enable-notifications></config>






]]></system-out></testcase><testcase classname="test_enable_notifications.test_enable_notifications" name="test_get_notif_port" time="1.398"><system-out><![CDATA[

       +--------------------------+       
       |    test_get_notif_port   |
       +--------------------------+       


xmlstr :  <config><enable-notifications xmlns="http://www.polatis.com/yang/polatis-switch">NOTIF_PORT</enable-notifications></config>






]]></system-out></testcase><testcase classname="test_enable_notifications.test_enable_notifications" name="test_get_notif_port_power" time="1.891"><system-out><![CDATA[

       +--------------------------------+       
       |    test_get_notif_port_power   |
       +--------------------------------+       


xmlstr :  <config><enable-notifications xmlns="http://www.polatis.com/yang/polatis-switch">NOTIF_PORT_POWER</enable-notifications></config>






]]></system-out></testcase><testcase classname="test_enable_notifications.test_enable_notifications" name="test_get_notif_port_power_warn" time="1.893"><system-out><![CDATA[

       +-------------------------------------+       
       |    test_get_notif_port_power_warn   |
       +-------------------------------------+       


xmlstr :  <config><enable-notifications xmlns="http://www.polatis.com/yang/polatis-switch">NOTIF_PORT_POWER_WARN</enable-notifications></config>






]]></system-out></testcase><testcase classname="test_enable_notifications.test_enable_notifications" name="test_get_notif_switch" time="1.441"><system-out><![CDATA[

       +----------------------------+       
       |    test_get_notif_switch   |
       +----------------------------+       


xmlstr :  <config><enable-notifications xmlns="http://www.polatis.com/yang/polatis-switch">NOTIF_SWITCH</enable-notifications></config>






]]></system-out></testcase><testcase classname="test_enable_notifications.test_enable_notifications" name="test_get_notif_system" time="1.638"><error type="exceptions.IndexError" message='list index out of range&#10;-------------------- &gt;&gt; begin captured logging &lt;&lt; --------------------&#10;polatis: INFO: -----[ pass xml for edit-config operation ]-----&#10;&#10;&#10;polatis: INFO: -----[ edit-config - response from the switch ]-----&#10;&#10;&#10;&lt;?xml version="1.0" encoding="UTF-8"?&gt;&#10;&lt;rpc-reply xmlns="urn:ietf:params:xml:ns:netconf:base:1.0" message-id="urn:uuid:89dd0e20-7b2f-11e6-8a8f-005056a06866" xmlns:nc="urn:ietf:params:xml:ns:netconf:base:1.0"&gt;&lt;ok/&gt;&lt;/rpc-reply&gt;&#10;&#10;&#10;polatis: INFO: -----[ create xml for get/getconfig operation ]-----&#10;&#10;polatis: INFO: -----[ get - response from the switch ]-----&#10;&#10;&#10;&lt;?xml version="1.0" ?&gt;&#10;&lt;data xmlns="urn:ietf:params:xml:ns:netconf:base:1.0" xmlns:nc="urn:ietf:params:xml:ns:netconf:base:1.0"&gt;&#10; &lt;enable-notifications xmlns="http://www.polatis.com/yang/polatis-switch"/&gt;&#10;&lt;/data&gt;&#10;&#10;&#10;--------------------- &gt;&gt; end captured logging &lt;&lt; ---------------------'><![CDATA[  File "/usr/lib/python2.7/unittest/case.py", line 331, in run
    testMethod()
  File "/usr/lib/python2.7/dist-packages/nose/case.py", line 197, in runTest
    self.test(*self.arg)
  File "/home/polatis/netconf_new/admin/test_enable_notifications.py", line 78, in test_get_notif_system
    file_name='test_get_notif_system.xml')
  File "/home/polatis/netconf_new/admin/lib/enable_notifications.py", line 657, in get_notif_system
    result = self.get_parsed_values(xmlout, kwargs['notif_name'])
  File "/home/polatis/netconf_new/admin/lib/enable_notifications.py", line 123, in get_parsed_values
    tagVal = str(enable_notifications.childNodes[0].data)
'list index out of range\n-------------------- >> begin captured logging << --------------------\npolatis: INFO: -----[ pass xml for edit-config operation ]-----\n\n\npolatis: INFO: -----[ edit-config - response from the switch ]-----\n\n\n<?xml version="1.0" encoding="UTF-8"?>\n<rpc-reply xmlns="urn:ietf:params:xml:ns:netconf:base:1.0" message-id="urn:uuid:89dd0e20-7b2f-11e6-8a8f-005056a06866" xmlns:nc="urn:ietf:params:xml:ns:netconf:base:1.0"><ok/></rpc-reply>\n\n\npolatis: INFO: -----[ create xml for get/getconfig operation ]-----\n\npolatis: INFO: -----[ get - response from the switch ]-----\n\n\n<?xml version="1.0" ?>\n<data xmlns="urn:ietf:params:xml:ns:netconf:base:1.0" xmlns:nc="urn:ietf:params:xml:ns:netconf:base:1.0">\n <enable-notifications xmlns="http://www.polatis.com/yang/polatis-switch"/>\n</data>\n\n\n--------------------- >> end captured logging << ---------------------']]></error><system-out><![CDATA[

       +----------------------------+       
       |    test_get_notif_system   |
       +----------------------------+       


xmlstr :  <config><enable-notifications xmlns="http://www.polatis.com/yang/polatis-switch">NOTIF_SYSTEM</enable-notifications></config>






]]></system-out></testcase><testcase classname="test_enable_notifications.test_enable_notifications" name="test_negative_case" time="0.669"><system-out><![CDATA[

       +-------------------------+       
       |    test_negative_case   |
       +-------------------------+       


xmlstr :  <config><enable-notifications xmlns="http://www.polatis.com/yang/polatis-switch">NOTIF_SYSTE</enable-notifications></config>



]]></system-out></testcase><testcase classname="test_enable_notifications.test_enable_notifications" name="test_notif_port" time="1.390"><system-out><![CDATA[

       +----------------------+       
       |    test_notif_port   |
       +----------------------+       


xmlstr :  <config><enable-notifications xmlns="http://www.polatis.com/yang/polatis-switch">NOTIF_PORT</enable-notifications></config>






notif :  <type 'str'>
result:  <type 'str'>
]]></system-out></testcase><testcase classname="test_enable_notifications.test_enable_notifications" name="test_notif_port_power" time="1.390"><system-out><![CDATA[

       +----------------------------+       
       |    test_notif_port_power   |
       +----------------------------+       


xmlstr :  <config><enable-notifications xmlns="http://www.polatis.com/yang/polatis-switch">NOTIF_PORT_POWER</enable-notifications></config>






]]></system-out></testcase><testcase classname="test_enable_notifications.test_enable_notifications" name="test_notif_port_power_warn" time="1.389"><system-out><![CDATA[

       +---------------------------------+       
       |    test_notif_port_power_warn   |
       +---------------------------------+       


xmlstr :  <config><enable-notifications xmlns="http://www.polatis.com/yang/polatis-switch">NOTIF_PORT_POWER_WARN</enable-notifications></config>






]]></system-out></testcase><testcase classname="test_enable_notifications.test_enable_notifications" name="test_notif_port_switch" time="1.338"><system-out><![CDATA[

       +-----------------------------+       
       |    test_notif_port_switch   |
       +-----------------------------+       


xmlstr :  <config><enable-notifications xmlns="http://www.polatis.com/yang/polatis-switch">NOTIF_SWITCH</enable-notifications></config>






]]></system-out></testcase><testcase classname="test_enable_notifications.test_enable_notifications" name="test_notif_system" time="1.589"><error type="exceptions.IndexError" message='list index out of range&#10;-------------------- &gt;&gt; begin captured logging &lt;&lt; --------------------&#10;polatis: INFO: -----[ pass xml for edit-config operation ]-----&#10;&#10;&#10;polatis: INFO: -----[ edit-config - response from the switch ]-----&#10;&#10;&#10;&lt;?xml version="1.0" encoding="UTF-8"?&gt;&#10;&lt;rpc-reply xmlns="urn:ietf:params:xml:ns:netconf:base:1.0" message-id="urn:uuid:8e85f482-7b2f-11e6-8a8f-005056a06866" xmlns:nc="urn:ietf:params:xml:ns:netconf:base:1.0"&gt;&lt;ok/&gt;&lt;/rpc-reply&gt;&#10;&#10;&#10;polatis: INFO: -----[ create xml for get-config operation ]-----&#10;&#10;&#10;polatis: INFO: -----[ getconfig - response from the switch ]-----&#10;&#10;&#10;&lt;?xml version="1.0" ?&gt;&#10;&lt;data xmlns="urn:ietf:params:xml:ns:netconf:base:1.0" xmlns:nc="urn:ietf:params:xml:ns:netconf:base:1.0"&gt;&#10; &lt;enable-notifications xmlns="http://www.polatis.com/yang/polatis-switch"/&gt;&#10;&lt;/data&gt;&#10;&#10;&#10;--------------------- &gt;&gt; end captured logging &lt;&lt; ---------------------'><![CDATA[  File "/usr/lib/python2.7/unittest/case.py", line 331, in run
    testMethod()
  File "/usr/lib/python2.7/dist-packages/nose/case.py", line 197, in runTest
    self.test(*self.arg)
  File "/home/polatis/netconf_new/admin/test_enable_notifications.py", line 42, in test_notif_system
    file_name='test_notif_system.xml')
  File "/home/polatis/netconf_new/admin/lib/enable_notifications.py", line 342, in editconfig_notif_system
    result = self.get_parsed_values(xmlout, kwargs['notif_name'])
  File "/home/polatis/netconf_new/admin/lib/enable_notifications.py", line 123, in get_parsed_values
    tagVal = str(enable_notifications.childNodes[0].data)
'list index out of range\n-------------------- >> begin captured logging << --------------------\npolatis: INFO: -----[ pass xml for edit-config operation ]-----\n\n\npolatis: INFO: -----[ edit-config - response from the switch ]-----\n\n\n<?xml version="1.0" encoding="UTF-8"?>\n<rpc-reply xmlns="urn:ietf:params:xml:ns:netconf:base:1.0" message-id="urn:uuid:8e85f482-7b2f-11e6-8a8f-005056a06866" xmlns:nc="urn:ietf:params:xml:ns:netconf:base:1.0"><ok/></rpc-reply>\n\n\npolatis: INFO: -----[ create xml for get-config operation ]-----\n\n\npolatis: INFO: -----[ getconfig - response from the switch ]-----\n\n\n<?xml version="1.0" ?>\n<data xmlns="urn:ietf:params:xml:ns:netconf:base:1.0" xmlns:nc="urn:ietf:params:xml:ns:netconf:base:1.0">\n <enable-notifications xmlns="http://www.polatis.com/yang/polatis-switch"/>\n</data>\n\n\n--------------------- >> end captured logging << ---------------------']]></error><system-out><![CDATA[

       +------------------------+       
       |    test_notif_system   |
       +------------------------+       


xmlstr :  <config><enable-notifications xmlns="http://www.polatis.com/yang/polatis-switch">NOTIF_SYSTEM</enable-notifications></config>






]]></system-out></testcase></testsuite>